<?xml version="1.0" encoding="UTF-8"?>
<!-- Generated by org.testng.reporters.JUnitXMLReporter -->
<testsuite hostname="LAPTOP-4FQQCFFD" ignored="1" name="Default test(failed)(failed)(failed)(failed)(failed)(failed)" tests="1" failures="1" timestamp="22 Nov 2018 20:02:26 GMT" time="12.919" errors="0">
  <testcase name="loginWithValidCredentials" time="4.406" classname="com.mvncrm.qa.test.LoginTest">
    <failure type="junit.framework.ComparisonFailure" message="expected:&amp;lt;FreeCRM&amp;gt; but was:&amp;lt;CRMPRO&amp;gt;">
      <![CDATA[junit.framework.ComparisonFailure: expected:<FreeCRM> but was:<CRMPRO>
	at junit.framework.Assert.assertEquals(Assert.java:81)
	at junit.framework.Assert.assertEquals(Assert.java:87)
	at com.mvncrm.qa.test.LoginTest.loginWithValidCredentials(LoginTest.java:37)
... Removed 25 stack frames]]>
    </failure>
  </testcase> <!-- loginWithValidCredentials -->
  <testcase name="verifyLoginPageTitleTest" time="0.0" classname="com.mvncrm.qa.test.LoginTest">
    <ignored/>
  </testcase> <!-- verifyLoginPageTitleTest -->
</testsuite> <!-- Default test(failed)(failed)(failed)(failed)(failed)(failed) -->
