<?xml version="1.0" encoding="UTF-8"?>
<testng-results skipped="0" failed="0" ignored="0" total="1" passed="1">
  <reporter-output>
  </reporter-output>
  <suite name="Failed suite [Failed suite [Failed suite [Default suite]]]" duration-ms="3127" started-at="2018-11-28T12:07:35Z" finished-at="2018-11-28T12:07:38Z">
    <groups>
    </groups>
    <test name="Default test(failed)(failed)(failed)" duration-ms="3127" started-at="2018-11-28T12:07:35Z" finished-at="2018-11-28T12:07:38Z">
      <class name="com.qa.restAPI.test.RestAPIwithBDD">
        <test-method status="PASS" signature="testNosOfCircuits2017()[pri:0, instance:com.qa.restAPI.test.RestAPIwithBDD@5c7fa833]" name="testNosOfCircuits2017" duration-ms="3085" started-at="2018-11-28T12:07:35Z" finished-at="2018-11-28T12:07:38Z">
          <reporter-output>
          </reporter-output>
        </test-method> <!-- testNosOfCircuits2017 -->
      </class> <!-- com.qa.restAPI.test.RestAPIwithBDD -->
    </test> <!-- Default test(failed)(failed)(failed) -->
  </suite> <!-- Failed suite [Failed suite [Failed suite [Default suite]]] -->
</testng-results>
