<?xml version="1.0" encoding="UTF-8"?>
<!-- Generated by org.testng.reporters.JUnitXMLReporter -->
<testsuite hostname="LAPTOP-4FQQCFFD" ignored="2" name="Default test(failed)(failed)(failed)(failed)" tests="1" failures="1" timestamp="25 Nov 2018 19:50:28 GMT" time="13.499" errors="0">
  <testcase name="navigateToCompaniesPage" time="3.088" classname="com.mvncrm.qa.test.LoginTest">
    <failure type="java.lang.NullPointerException">
      <![CDATA[java.lang.NullPointerException
	at com.mvncrm.qa.page.LoginPage.navigateToCompaniesTab(LoginPage.java:42)
	at com.mvncrm.qa.test.LoginTest.navigateToCompaniesPage(LoginTest.java:49)
... Removed 25 stack frames]]>
    </failure>
  </testcase> <!-- navigateToCompaniesPage -->
  <testcase name="verifyLoginPageTitleTest" time="0.0" classname="com.mvncrm.qa.test.LoginTest">
    <ignored/>
  </testcase> <!-- verifyLoginPageTitleTest -->
  <testcase name="loginWithValidCredentials" time="0.0" classname="com.mvncrm.qa.test.LoginTest">
    <ignored/>
  </testcase> <!-- loginWithValidCredentials -->
</testsuite> <!-- Default test(failed)(failed)(failed)(failed) -->
