<?xml version="1.0" encoding="UTF-8"?>
<!-- Generated by org.testng.reporters.JUnitXMLReporter -->
<testsuite hostname="LAPTOP-4FQQCFFD" ignored="1" name="Default test(failed)(failed)(failed)" tests="1" failures="1" timestamp="22 Nov 2018 19:44:01 GMT" time="8.587" errors="0">
  <testcase name="loginWithValidCredentials" time="0.006" classname="com.mvncrm.qa.test.LoginTest">
    <failure type="java.lang.NullPointerException">
      <![CDATA[java.lang.NullPointerException
	at org.openqa.selenium.support.pagefactory.DefaultElementLocator.findElement(DefaultElementLocator.java:69)
	at org.openqa.selenium.support.pagefactory.internal.LocatingElementHandler.invoke(LocatingElementHandler.java:38)
	at com.sun.proxy.$Proxy9.sendKeys(Unknown Source)
	at com.mvncrm.qa.page.LoginPage.loginMethod(LoginPage.java:24)
	at com.mvncrm.qa.test.LoginTest.loginWithValidCredentials(LoginTest.java:35)
... Removed 25 stack frames]]>
    </failure>
  </testcase> <!-- loginWithValidCredentials -->
  <testcase name="verifyLoginPageTitleTest" time="0.0" classname="com.mvncrm.qa.test.LoginTest">
    <ignored/>
  </testcase> <!-- verifyLoginPageTitleTest -->
</testsuite> <!-- Default test(failed)(failed)(failed) -->
