<?xml version="1.0" encoding="UTF-8"?>
<!-- Generated by org.testng.reporters.JUnitXMLReporter -->
<testsuite hostname="LAPTOP-4FQQCFFD" ignored="2" name="Default test(failed)(failed)(failed)(failed)(failed)" tests="1" failures="1" timestamp="25 Nov 2018 19:58:23 GMT" time="14.231" errors="0">
  <testcase name="navigateToCompaniesPage" time="3.505" classname="com.mvncrm.qa.test.LoginTest">
    <failure type="junit.framework.ComparisonFailure" message="expected:&amp;lt;&amp;gt; but was:&amp;lt;CRMPRO&amp;gt;">
      <![CDATA[junit.framework.ComparisonFailure: expected:<> but was:<CRMPRO>
	at junit.framework.Assert.assertEquals(Assert.java:81)
	at junit.framework.Assert.assertEquals(Assert.java:87)
	at com.mvncrm.qa.test.LoginTest.navigateToCompaniesPage(LoginTest.java:55)
... Removed 25 stack frames]]>
    </failure>
  </testcase> <!-- navigateToCompaniesPage -->
  <testcase name="verifyLoginPageTitleTest" time="0.0" classname="com.mvncrm.qa.test.LoginTest">
    <ignored/>
  </testcase> <!-- verifyLoginPageTitleTest -->
  <testcase name="loginWithValidCredentials" time="0.0" classname="com.mvncrm.qa.test.LoginTest">
    <ignored/>
  </testcase> <!-- loginWithValidCredentials -->
</testsuite> <!-- Default test(failed)(failed)(failed)(failed)(failed) -->
