<?xml version="1.0" encoding="UTF-8"?>
<!-- Generated by org.testng.reporters.JUnitXMLReporter -->
<testsuite hostname="LAPTOP-4FQQCFFD" ignored="5" name="Default test" tests="1" failures="0" timestamp="11 Dec 2018 16:18:19 GMT" time="0.098" errors="0">
  <testcase name="preAndPostIncrement" time="0.048" classname="DummyPackage.DummyCode"/>
  <testcase name="testDummyNos" time="0.0" classname="DummyPackage.DummyCode">
    <ignored/>
  </testcase> <!-- testDummyNos -->
  <testcase name="whileLoop" time="0.0" classname="DummyPackage.DummyCode">
    <ignored/>
  </testcase> <!-- whileLoop -->
  <testcase name="twoDimensionalArray" time="0.0" classname="DummyPackage.DummyCode">
    <ignored/>
  </testcase> <!-- twoDimensionalArray -->
  <testcase name="forLoop" time="0.0" classname="DummyPackage.DummyCode">
    <ignored/>
  </testcase> <!-- forLoop -->
  <testcase name="arraysSession" time="0.0" classname="DummyPackage.DummyCode">
    <ignored/>
  </testcase> <!-- arraysSession -->
</testsuite> <!-- Default test -->
