<?xml version="1.0" encoding="UTF-8"?>
<!-- Generated by org.testng.reporters.JUnitXMLReporter -->
<testsuite hostname="LAPTOP-4FQQCFFD" ignored="1" name="Default test" tests="1" failures="0" timestamp="23 Nov 2018 11:28:28 GMT" time="13.251" errors="0">
  <testcase name="verifyLoginPageTitleTest" time="3.027" classname="com.mvncrm.qa.test.LoginTest"/>
  <testcase name="loginWithValidCredentials" time="0.0" classname="com.mvncrm.qa.test.LoginTest">
    <ignored/>
  </testcase> <!-- loginWithValidCredentials -->
</testsuite> <!-- Default test -->
