<?xml version="1.0" encoding="UTF-8"?>
<!-- Generated by org.testng.reporters.JUnitXMLReporter -->
<testsuite hostname="LAPTOP-4FQQCFFD" ignored="0" name="Test" tests="3" failures="1" timestamp="24 Nov 2018 16:21:17 GMT" time="177.791" errors="0">
  <testcase name="loginWithValidCredentials" time="33.482" classname="com.mvncrm.qa.test.LoginTest">
    <failure type="org.openqa.selenium.TimeoutException" message="timeout: cannot determine loading status
from timeout: Timed out receiving message from renderer: -0.032
  (Session info: chrome=55.0.2883.91)
  (Driver info: chromedriver=2.28.455520 (cc17746adff54984afff480136733114c6b3704b),platform=Windows NT 10.0.17134 x86_64) (WARNING: The server did not provide any stacktrace information)
Command duration or timeout: 0 milliseconds
Build info: version: &amp;apos;3.5.3&amp;apos;, revision: &amp;apos;a88d25fe6b&amp;apos;, time: &amp;apos;2017-08-29T12:42:44.417Z&amp;apos;
System info: host: &amp;apos;LAPTOP-4FQQCFFD&amp;apos;, ip: &amp;apos;192.168.0.42&amp;apos;, os.name: &amp;apos;Windows 10&amp;apos;, os.arch: &amp;apos;amd64&amp;apos;, os.version: &amp;apos;10.0&amp;apos;, java.version: &amp;apos;1.8.0_191&amp;apos;
Driver info: io.appium.java_client.android.AndroidDriver
Capabilities [{appPackage=com.android.chrome, deviceScreenSize=1440x2560, networkConnectionEnabled=true, warnings={}, databaseEnabled=false, deviceName=emulator-5554, platform=LINUX, deviceUDID=emulator-5554, appActivity=com.google.android.apps.chrome.ChromeTabbedActivity, autowebview=true, desired={appPackage=com.android.chrome, appActivity=com.google.android.apps.chrome.ChromeTabbedActivity, autowebview=true, browserVersion=Version 55.0.2883, browserName=Chrome, platformName=Android, deviceName=emulator-5554, testName=AndroidDemoTest}, browserVersion=Version 55.0.2883, platformVersion=7.1.1, webStorageEnabled=false, locationContextEnabled=false, takesScreenshot=true, browserName=Chrome, javascriptEnabled=true, deviceModel=Android SDK built for x86, deviceManufacturer=Google, platformName=LINUX, testName=AndroidDemoTest}]
Session ID: fd96517a-f56b-45a0-a379-5dd4ccf9a2a2">
      <![CDATA[org.openqa.selenium.TimeoutException: timeout: cannot determine loading status
from timeout: Timed out receiving message from renderer: -0.032
  (Session info: chrome=55.0.2883.91)
  (Driver info: chromedriver=2.28.455520 (cc17746adff54984afff480136733114c6b3704b),platform=Windows NT 10.0.17134 x86_64) (WARNING: The server did not provide any stacktrace information)
Command duration or timeout: 0 milliseconds
Build info: version: '3.5.3', revision: 'a88d25fe6b', time: '2017-08-29T12:42:44.417Z'
System info: host: 'LAPTOP-4FQQCFFD', ip: '192.168.0.42', os.name: 'Windows 10', os.arch: 'amd64', os.version: '10.0', java.version: '1.8.0_191'
Driver info: io.appium.java_client.android.AndroidDriver
Capabilities [{appPackage=com.android.chrome, deviceScreenSize=1440x2560, networkConnectionEnabled=true, warnings={}, databaseEnabled=false, deviceName=emulator-5554, platform=LINUX, deviceUDID=emulator-5554, appActivity=com.google.android.apps.chrome.ChromeTabbedActivity, autowebview=true, desired={appPackage=com.android.chrome, appActivity=com.google.android.apps.chrome.ChromeTabbedActivity, autowebview=true, browserVersion=Version 55.0.2883, browserName=Chrome, platformName=Android, deviceName=emulator-5554, testName=AndroidDemoTest}, browserVersion=Version 55.0.2883, platformVersion=7.1.1, webStorageEnabled=false, locationContextEnabled=false, takesScreenshot=true, browserName=Chrome, javascriptEnabled=true, deviceModel=Android SDK built for x86, deviceManufacturer=Google, platformName=LINUX, testName=AndroidDemoTest}]
Session ID: fd96517a-f56b-45a0-a379-5dd4ccf9a2a2
	at org.openqa.selenium.remote.ErrorHandler.createThrowable(ErrorHandler.java:215)
	at org.openqa.selenium.remote.ErrorHandler.throwIfResponseFailed(ErrorHandler.java:167)
	at org.openqa.selenium.remote.http.JsonHttpResponseCodec.reconstructValue(JsonHttpResponseCodec.java:40)
	at org.openqa.selenium.remote.http.AbstractHttpResponseCodec.decode(AbstractHttpResponseCodec.java:82)
	at org.openqa.selenium.remote.http.AbstractHttpResponseCodec.decode(AbstractHttpResponseCodec.java:45)
	at org.openqa.selenium.remote.HttpCommandExecutor.execute(HttpCommandExecutor.java:164)
	at io.appium.java_client.remote.AppiumCommandExecutor.execute(AppiumCommandExecutor.java:89)
	at org.openqa.selenium.remote.RemoteWebDriver.execute(RemoteWebDriver.java:646)
	at io.appium.java_client.DefaultGenericMobileDriver.execute(DefaultGenericMobileDriver.java:42)
	at io.appium.java_client.AppiumDriver.execute(AppiumDriver.java:1)
	at io.appium.java_client.android.AndroidDriver.execute(AndroidDriver.java:1)
	at org.openqa.selenium.remote.RemoteWebElement.execute(RemoteWebElement.java:275)
	at org.openqa.selenium.remote.RemoteWebElement.click(RemoteWebElement.java:82)
	at org.openqa.selenium.support.pagefactory.internal.LocatingElementHandler.invoke(LocatingElementHandler.java:51)
	at com.sun.proxy.$Proxy9.click(Unknown Source)
	at com.mvncrm.qa.page.LoginPage.loginCRM(LoginPage.java:26)
	at com.mvncrm.qa.test.LoginTest.loginWithValidCredentials(LoginTest.java:37)
... Removed 33 stack frames]]>
    </failure>
  </testcase> <!-- loginWithValidCredentials -->
  <testcase name="plsIgnoreMe" time="0.001" classname="com.mvncrm.qa.test.LoginTest"/>
  <testcase name="verifyLoginPageTitleTest" time="3.091" classname="com.mvncrm.qa.test.LoginTest"/>
</testsuite> <!-- Test -->
