<?xml version="1.0" encoding="UTF-8"?>
<testng-results skipped="0" failed="0" ignored="2" total="3" passed="1">
  <reporter-output>
  </reporter-output>
  <suite name="Failed suite [Default suite]" duration-ms="15410" started-at="2018-11-27T20:04:43Z" finished-at="2018-11-27T20:04:58Z">
    <groups>
    </groups>
    <test name="Default test(failed)" duration-ms="15410" started-at="2018-11-27T20:04:43Z" finished-at="2018-11-27T20:04:58Z">
      <class name="com.mvncrm.qa.test.LoginTest">
        <test-method status="PASS" signature="setup()[pri:0, instance:com.mvncrm.qa.test.LoginTest@5cb9f472]" name="setup" is-config="true" duration-ms="8276" started-at="2018-11-27T20:04:43Z" finished-at="2018-11-27T20:04:51Z">
          <reporter-output>
          </reporter-output>
        </test-method> <!-- setup -->
        <test-method status="PASS" signature="loginWithValidCredentials()[pri:2, instance:com.mvncrm.qa.test.LoginTest@5cb9f472]" name="loginWithValidCredentials" duration-ms="6047" started-at="2018-11-27T20:04:51Z" finished-at="2018-11-27T20:04:57Z">
          <reporter-output>
          </reporter-output>
        </test-method> <!-- loginWithValidCredentials -->
        <test-method status="PASS" signature="teardown()[pri:0, instance:com.mvncrm.qa.test.LoginTest@5cb9f472]" name="teardown" is-config="true" duration-ms="1061" started-at="2018-11-27T20:04:57Z" finished-at="2018-11-27T20:04:58Z">
          <reporter-output>
          </reporter-output>
        </test-method> <!-- teardown -->
      </class> <!-- com.mvncrm.qa.test.LoginTest -->
    </test> <!-- Default test(failed) -->
  </suite> <!-- Failed suite [Default suite] -->
</testng-results>
