<?xml version="1.0" encoding="UTF-8"?>
<testng-results skipped="0" failed="0" ignored="0" total="2" passed="2">
  <reporter-output>
  </reporter-output>
  <suite name="Suite" duration-ms="22579" started-at="2018-11-22T20:19:31Z" finished-at="2018-11-22T20:19:53Z">
    <groups>
    </groups>
    <test name="Test" duration-ms="22579" started-at="2018-11-22T20:19:31Z" finished-at="2018-11-22T20:19:53Z">
      <class name="com.mvncrm.qa.test.LoginTest">
        <test-method status="PASS" signature="setup()[pri:0, instance:com.mvncrm.qa.test.LoginTest@26653222]" name="setup" is-config="true" duration-ms="8103" started-at="2018-11-22T20:19:31Z" finished-at="2018-11-22T20:19:39Z">
          <reporter-output>
          </reporter-output>
        </test-method> <!-- setup -->
        <test-method status="PASS" signature="loginWithValidCredentials()[pri:0, instance:com.mvncrm.qa.test.LoginTest@26653222]" name="loginWithValidCredentials" duration-ms="3175" started-at="2018-11-22T20:19:39Z" finished-at="2018-11-22T20:19:42Z">
          <reporter-output>
          </reporter-output>
        </test-method> <!-- loginWithValidCredentials -->
        <test-method status="PASS" signature="teardown()[pri:0, instance:com.mvncrm.qa.test.LoginTest@26653222]" name="teardown" is-config="true" duration-ms="837" started-at="2018-11-22T20:19:42Z" finished-at="2018-11-22T20:19:43Z">
          <reporter-output>
          </reporter-output>
        </test-method> <!-- teardown -->
        <test-method status="PASS" signature="setup()[pri:0, instance:com.mvncrm.qa.test.LoginTest@26653222]" name="setup" is-config="true" duration-ms="6718" started-at="2018-11-22T20:19:43Z" finished-at="2018-11-22T20:19:49Z">
          <reporter-output>
          </reporter-output>
        </test-method> <!-- setup -->
        <test-method status="PASS" signature="verifyLoginPageTitleTest()[pri:0, instance:com.mvncrm.qa.test.LoginTest@26653222]" name="verifyLoginPageTitleTest" duration-ms="3030" started-at="2018-11-22T20:19:49Z" finished-at="2018-11-22T20:19:53Z">
          <reporter-output>
          </reporter-output>
        </test-method> <!-- verifyLoginPageTitleTest -->
        <test-method status="PASS" signature="teardown()[pri:0, instance:com.mvncrm.qa.test.LoginTest@26653222]" name="teardown" is-config="true" duration-ms="679" started-at="2018-11-22T20:19:53Z" finished-at="2018-11-22T20:19:53Z">
          <reporter-output>
          </reporter-output>
        </test-method> <!-- teardown -->
      </class> <!-- com.mvncrm.qa.test.LoginTest -->
    </test> <!-- Test -->
  </suite> <!-- Suite -->
</testng-results>
