<?xml version="1.0" encoding="UTF-8"?>
<!-- Generated by org.testng.reporters.JUnitXMLReporter -->
<testsuite hostname="LAPTOP-4FQQCFFD" ignored="2" name="Default test(failed)" tests="1" failures="0" timestamp="27 Nov 2018 20:04:58 GMT" time="15.41" errors="0">
  <testcase name="loginWithValidCredentials" time="6.047" classname="com.mvncrm.qa.test.LoginTest"/>
  <testcase name="verifyLoginPageTitleTest" time="0.0" classname="com.mvncrm.qa.test.LoginTest">
    <ignored/>
  </testcase> <!-- verifyLoginPageTitleTest -->
  <testcase name="navigateToCompaniesPage" time="0.0" classname="com.mvncrm.qa.test.LoginTest">
    <ignored/>
  </testcase> <!-- navigateToCompaniesPage -->
</testsuite> <!-- Default test(failed) -->
